<?xml version="1.0" encoding="UTF-8"?>
<!-- Generated by org.testng.reporters.JUnitReportReporter -->
<testsuite hostname="trantrang-macOS" failures="0" tests="1" name="tests.CensusTest" time="1.791" errors="0" timestamp="2022-06-02T14:29:16 AKDT" skipped="0">
  <testcase classname="tests.CensusTest" name="producerTest" time="1.791"/>
  <system-out/>
</testsuite> <!-- tests.CensusTest -->
